<?xml version="1.0" encoding="UTF-8"?>
<!-- Generated by org.testng.reporters.JUnitReportReporter -->
<testsuite hostname="Zulfiqar" failures="0" tests="1" name="com.Mou.Frame.TestRunner.testRunner_Class" time="5.338" errors="0" timestamp="2022-07-20T19:16:44 CDT" skipped="0">
  <testcase classname="com.Mou.Frame.TestRunner.testRunner_Class" name="feature" time="5.338"/>
  <system-out/>
</testsuite> <!-- com.Mou.Frame.TestRunner.testRunner_Class -->
